2026-02-13 21:43:39,483 [INFO] Sending test webhook...
2026-02-13 21:43:40,105 [INFO] Test webhook sent successfully!
2026-02-13 21:44:23,052 [INFO] Starting file watching mode
2026-02-13 21:44:23,053 [INFO] Watching: C:\Program Files (x86)\World of Warcraft\_retail_\WTF\Account\405720625#1\SavedVariables\CelestialRecruiter.lua
2026-02-13 21:44:23,053 [INFO] Webhook: https://discord.com/api/webhooks/14719503539719374...
2026-02-13 21:44:49,792 [INFO] Starting polling mode
2026-02-13 21:44:49,792 [INFO] Watching: C:\Program Files (x86)\World of Warcraft\_retail_\WTF\Account\405720625#1\SavedVariables\CelestialRecruiter.lua
2026-02-13 21:44:49,792 [INFO] Webhook: https://discord.com/api/webhooks/14719503539719374...
2026-02-13 21:44:49,793 [INFO] Check interval: 5s
2026-02-13 21:45:52,013 [INFO] Processing 5 pending events
2026-02-13 21:45:52,996 [INFO] Sent event: test
2026-02-13 21:45:55,589 [INFO] Sent event: test
2026-02-13 21:45:58,301 [INFO] Sent event: test
2026-02-13 21:46:01,083 [INFO] Sent event: test
2026-02-13 21:46:03,731 [INFO] Sent event: player_joined
2026-02-13 21:53:16,838 [INFO] Processing 1 pending events
2026-02-13 21:53:17,478 [INFO] Sent event: player_joined
2026-02-13 22:13:25,809 [INFO] Loaded state: last_processed_timestamp=1771015932
2026-02-13 22:13:25,809 [INFO] Starting polling mode
2026-02-13 22:13:25,809 [INFO] Watching: C:\Program Files (x86)\World of Warcraft\_retail_\WTF\Account\405720625#1\SavedVariables\CelestialRecruiter.lua
2026-02-13 22:13:25,809 [INFO] Webhook: https://discord.com/api/webhooks/14719503539719374...
2026-02-13 22:13:25,809 [INFO] Check interval: 5s
2026-02-13 22:13:36,678 [INFO] Processing 4 pending events
2026-02-13 22:13:37,286 [INFO] Sent event: test
2026-02-13 22:13:40,382 [INFO] Sent event: player_joined
2026-02-13 22:13:43,298 [INFO] Sent event: player_joined
2026-02-13 22:13:45,987 [INFO] Sent event: player_joined
2026-02-13 22:19:57,218 [INFO] Loaded state: last_processed_timestamp=1771016839
2026-02-13 22:19:57,218 [INFO] Starting polling mode
2026-02-13 22:19:57,218 [INFO] Watching: C:\Program Files (x86)\World of Warcraft\_retail_\WTF\Account\405720625#1\SavedVariables\CelestialRecruiter.lua
2026-02-13 22:19:57,218 [INFO] Webhook: https://discord.com/api/webhooks/14719503539719374...
2026-02-13 22:19:57,219 [INFO] Check interval: 5s
2026-02-13 22:20:06,765 [INFO] Processing 4 pending events
2026-02-13 22:20:07,411 [INFO] Sent event: test
2026-02-13 22:20:09,958 [INFO] Sent event: player_joined
2026-02-13 22:20:12,591 [INFO] Sent event: player_joined
2026-02-13 22:20:15,092 [INFO] Sent event: player_joined
2026-02-13 22:43:12,600 [INFO] Loaded state: last_processed_timestamp=1771016929
2026-02-13 22:43:12,600 [INFO] Starting polling mode
2026-02-13 22:43:12,600 [INFO] Watching: C:\Program Files (x86)\World of Warcraft\_retail_\WTF\Account\405720625#1\SavedVariables\CelestialRecruiter.lua
2026-02-13 22:43:12,600 [INFO] Webhook: https://discord.com/api/webhooks/14719503539719374...
2026-02-13 22:43:12,600 [INFO] Check interval: 3s
2026-02-13 23:02:02,098 [INFO] Processing 1 pending events
2026-02-13 23:02:02,998 [INFO] Sent event: player_joined
2026-02-13 23:05:26,700 [INFO] Loaded state: last_processed_timestamp=1771019976
2026-02-13 23:05:26,700 [INFO] Starting polling mode
2026-02-13 23:05:26,700 [INFO] Watching: C:\Program Files (x86)\World of Warcraft\_retail_\WTF\Account\405720625#1\SavedVariables\CelestialRecruiter.lua
2026-02-13 23:05:26,701 [INFO] Webhook: https://discord.com/api/webhooks/14719503539719374...
2026-02-13 23:05:26,701 [INFO] Check interval: 3s
2026-02-13 23:06:24,753 [INFO] Processing 2 pending events
2026-02-13 23:06:25,412 [INFO] Processing 2 pending events
2026-02-13 23:06:25,463 [INFO] Sent event: player_joined
2026-02-13 23:06:26,647 [INFO] Sent event: player_joined
2026-02-13 23:06:27,258 [INFO] Sent event: test
2026-02-13 23:06:28,399 [INFO] Sent event: test
2026-02-13 23:15:54,352 [INFO] Loaded state: last_processed_timestamp=1771016840
2026-02-13 23:15:54,352 [INFO] Starting polling mode
2026-02-13 23:15:54,352 [INFO] Watching: C:\Program Files (x86)\World of Warcraft\_retail_\WTF\Account\405720625#1\SavedVariables\CelestialRecruiter.lua
2026-02-13 23:15:54,352 [INFO] Webhook: https://discord.com/api/webhooks/14719503539719374...
2026-02-13 23:15:54,352 [INFO] Check interval: 3s
2026-02-13 23:16:03,389 [INFO] Processing 6 pending events
2026-02-13 23:16:04,605 [INFO] Sent event: player_joined
2026-02-13 23:16:06,556 [INFO] Sent event: player_joined
2026-02-13 23:16:08,530 [INFO] Sent event: player_joined
2026-02-13 23:16:10,745 [INFO] Sent event: player_joined
2026-02-13 23:16:13,116 [INFO] Sent event: player_joined
2026-02-13 23:16:14,783 [INFO] Sent event: test
2026-02-14 01:19:17,199 [INFO] Loaded state: last_processed_timestamp=1771020347
2026-02-14 01:19:17,199 [INFO] Starting polling mode
2026-02-14 01:19:17,199 [INFO] Watching: C:\Program Files (x86)\World of Warcraft\_retail_\WTF\Account\405720625#1\SavedVariables\CelestialRecruiter.lua
2026-02-14 01:19:17,200 [INFO] Webhook: https://discord.com/api/webhooks/14719503539719374...
2026-02-14 01:19:17,200 [INFO] Check interval: 3s
2026-02-14 01:24:54,459 [INFO] Processing 1 pending events
2026-02-14 02:04:13,773 [INFO] Loaded state: last_processed_timestamp=1771020347
2026-02-14 02:04:13,773 [INFO] Starting polling mode
2026-02-14 02:04:13,774 [INFO] Watching: C:\Program Files (x86)\World of Warcraft\_retail_\WTF\Account\405720625#1\SavedVariables\CelestialRecruiter.lua
2026-02-14 02:04:13,774 [INFO] Webhook: https://discord.com/api/webhooks/14719503539719374...
2026-02-14 02:04:13,774 [INFO] Check interval: 3s
2026-02-14 02:04:13,774 [INFO] Last processed timestamp: 1771020347
2026-02-14 02:04:14,198 [INFO] Processing 2 pending events
2026-02-14 02:04:15,692 [INFO] Sent event: player_joined
2026-02-14 02:04:17,580 [INFO] Sent event: player_joined
2026-02-14 02:06:55,336 [INFO] Processing 3 pending events
2026-02-14 02:06:56,658 [INFO] Sent event: player_joined
2026-02-14 02:06:58,783 [INFO] Sent event: player_joined
2026-02-14 02:07:00,996 [INFO] Sent event: player_joined
